  Reading Qt configuration (C:/Qt/5.15.0/msvc2019_64/bin/qmake)
  uic AdminGUI.ui
  uic Client.ui
  uic RestaurantGUI.ui
  uic UserGUI.ui
  rcc Client.qrc
  moc Client.h
  moc UserGUI.h
  moc AdminGUI.h
   C:\Users\danie\Desktop\progetto\APL-2021-2022\src\Client\Client\UserGUI.ui: Warning: The name 'layoutWidget' (QWidget) is already in use, defaulting to 'layoutWidget1'.
   C:\Users\danie\Desktop\progetto\APL-2021-2022\src\Client\Client\UserGUI.ui: Warning: The name 'layoutWidget' (QWidget) is already in use, defaulting to 'layoutWidget2'.
  moc RestaurantGUI.h
  moc SpinBoxDelegate.h
   RCC: Warning: No resources in 'C:\Users\danie\Desktop\progetto\APL-2021-2022\src\Client\Client\Client.qrc'.
  AdminGUI.cpp
  OrderStatus.cpp
  RestaurantGUI.cpp
  SpinBoxDelegate.cpp
  UserGUI.cpp
  Client.cpp
  main.cpp
C:\Users\danie\Desktop\progetto\APL-2021-2022\src\Client\Client\UserGUI.h(166,5): error C2653: 'QMessageBox': is not a class or namespace name (compiling source file UserGUI.cpp)
C:\Users\danie\Desktop\progetto\APL-2021-2022\src\Client\Client\UserGUI.h(166,18): error C3861: 'warning': identifier not found (compiling source file UserGUI.cpp)
C:\Users\danie\Desktop\progetto\APL-2021-2022\src\Client\Client\UserGUI.h(171,4): error C2653: 'QMessageBox': is not a class or namespace name (compiling source file UserGUI.cpp)
C:\Users\danie\Desktop\progetto\APL-2021-2022\src\Client\Client\UserGUI.h(171,17): error C3861: 'warning': identifier not found (compiling source file UserGUI.cpp)
C:\Users\danie\Desktop\progetto\APL-2021-2022\src\Client\Client\UserGUI.h(166,5): error C2653: 'QMessageBox': is not a class or namespace name (compiling source file Client.cpp)
C:\Users\danie\Desktop\progetto\APL-2021-2022\src\Client\Client\UserGUI.h(166,18): error C3861: 'warning': identifier not found (compiling source file Client.cpp)
C:\Users\danie\Desktop\progetto\APL-2021-2022\src\Client\Client\UserGUI.h(171,4): error C2653: 'QMessageBox': is not a class or namespace name (compiling source file Client.cpp)
C:\Users\danie\Desktop\progetto\APL-2021-2022\src\Client\Client\UserGUI.h(171,17): error C3861: 'warning': identifier not found (compiling source file Client.cpp)
C:\Users\danie\Desktop\progetto\APL-2021-2022\src\Client\Client\UserGUI.h(208,4): error C2653: 'QMessageBox': is not a class or namespace name (compiling source file UserGUI.cpp)
C:\Users\danie\Desktop\progetto\APL-2021-2022\src\Client\Client\UserGUI.h(208,17): error C3861: 'warning': identifier not found (compiling source file UserGUI.cpp)
C:\Users\danie\Desktop\progetto\APL-2021-2022\src\Client\Client\UserGUI.h(208,4): error C2653: 'QMessageBox': is not a class or namespace name (compiling source file Client.cpp)
C:\Users\danie\Desktop\progetto\APL-2021-2022\src\Client\Client\UserGUI.h(208,17): error C3861: 'warning': identifier not found (compiling source file Client.cpp)
C:\Users\danie\Desktop\progetto\APL-2021-2022\src\Client\Client\UserGUI.h(166,5): error C2653: 'QMessageBox': is not a class or namespace name (compiling source file main.cpp)
C:\Users\danie\Desktop\progetto\APL-2021-2022\src\Client\Client\UserGUI.h(166,18): error C3861: 'warning': identifier not found (compiling source file main.cpp)
C:\Users\danie\Desktop\progetto\APL-2021-2022\src\Client\Client\UserGUI.h(171,4): error C2653: 'QMessageBox': is not a class or namespace name (compiling source file main.cpp)
C:\Users\danie\Desktop\progetto\APL-2021-2022\src\Client\Client\UserGUI.h(171,17): error C3861: 'warning': identifier not found (compiling source file main.cpp)
C:\Users\danie\Desktop\progetto\APL-2021-2022\src\Client\Client\UserGUI.h(208,4): error C2653: 'QMessageBox': is not a class or namespace name (compiling source file main.cpp)
C:\Users\danie\Desktop\progetto\APL-2021-2022\src\Client\Client\UserGUI.h(208,17): error C3861: 'warning': identifier not found (compiling source file main.cpp)
