c:\users\danie\desktop\progetto\apl-2021-2022\src\client\client\x64\release\spinboxdelegate.obj
c:\users\danie\desktop\progetto\apl-2021-2022\src\client\client\x64\release\restaurantgui.obj
c:\users\danie\desktop\progetto\apl-2021-2022\src\client\client\x64\release\admingui.obj
c:\users\danie\desktop\progetto\apl-2021-2022\src\client\client\x64\release\orderstatus.obj
c:\users\danie\desktop\progetto\apl-2021-2022\src\client\client\x64\release\uic\ui_admingui.h
c:\users\danie\desktop\progetto\apl-2021-2022\src\client\client\x64\release\uic\ui_client.h
c:\users\danie\desktop\progetto\apl-2021-2022\src\client\client\x64\release\uic\ui_restaurantgui.h
c:\users\danie\desktop\progetto\apl-2021-2022\src\client\client\x64\release\uic\ui_usergui.h
c:\users\danie\desktop\progetto\apl-2021-2022\src\client\client\x64\release\moc\moc_client.cpp
c:\users\danie\desktop\progetto\apl-2021-2022\src\client\client\x64\release\moc\moc_usergui.cpp
c:\users\danie\desktop\progetto\apl-2021-2022\src\client\client\x64\release\moc\moc_admingui.cpp
c:\users\danie\desktop\progetto\apl-2021-2022\src\client\client\x64\release\moc\moc_restaurantgui.cpp
c:\users\danie\desktop\progetto\apl-2021-2022\src\client\client\x64\release\moc\moc_spinboxdelegate.cpp
c:\users\danie\desktop\progetto\apl-2021-2022\src\client\client\x64\release\rcc\qrc_client.cpp
c:\users\danie\desktop\progetto\apl-2021-2022\src\client\client\x64\release\client.tlog\cl.11696.write.1.tlog
c:\users\danie\desktop\progetto\apl-2021-2022\src\client\client\x64\release\client.tlog\cl.command.1.tlog
c:\users\danie\desktop\progetto\apl-2021-2022\src\client\client\x64\release\client.tlog\cl.read.1.tlog
c:\users\danie\desktop\progetto\apl-2021-2022\src\client\client\x64\release\client.tlog\client.write.1u.tlog
c:\users\danie\desktop\progetto\apl-2021-2022\src\client\client\x64\release\client.tlog\moc.read.1u.tlog
c:\users\danie\desktop\progetto\apl-2021-2022\src\client\client\x64\release\client.tlog\moc.write.1u.tlog
c:\users\danie\desktop\progetto\apl-2021-2022\src\client\client\x64\release\client.tlog\rcc.read.1u.tlog
c:\users\danie\desktop\progetto\apl-2021-2022\src\client\client\x64\release\client.tlog\rcc.write.1u.tlog
c:\users\danie\desktop\progetto\apl-2021-2022\src\client\client\x64\release\client.tlog\uic.read.1u.tlog
c:\users\danie\desktop\progetto\apl-2021-2022\src\client\client\x64\release\client.tlog\uic.write.1u.tlog
